p/23_6941692453452.9123716.png 1 0 0 89 59
p/84_6741692453602.6095965.png 1 0 0 180 120
p/83_7141692453602.246052.png 1 0 0 180 120
p/82_6791692453601.9228394.png 1 0 0 180 120
p/81_5361692453601.6007361.png 1 0 0 180 120
p/80_6221692453584.2398434.png 1 0 0 180 120
p/79_5041692453580.9147887.png 1 0 0 180 120
p/78_5271692453579.5997326.png 1 0 0 180 120
p/77_5771692453578.2510338.png 1 0 0 180 120
p/76_6301692453577.919801.png 1 0 0 180 120
p/75_6191692453577.6000562.png 1 0 0 180 120
p/74_5601692453577.2819571.png 1 0 0 180 120
p/73_5951692453576.917328.png 1 0 0 180 120
p/72_5861692453573.6027699.png 1 0 0 180 120
p/71_5621692453573.2832286.png 1 0 0 180 120
p/70_5791692453572.9138186.png 1 0 0 180 120
p/69_5191692453572.6102347.png 1 0 0 180 120
p/68_5041692453543.6162858.png 1 0 0 180 120
p/67_5011692453541.9368844.png 1 0 0 180 120
p/66_5271692453533.5984333.png 1 0 0 180 120
p/65_5381692453529.2649298.png 1 0 0 180 120
p/64_6611692453528.577991.png 1 0 0 180 120
p/63_5331692453527.597803.png 1 0 0 180 120
p/62_5791692453527.2666512.png 1 0 0 180 120
p/61_5101692453525.6031296.png 1 0 0 180 120
p/60_5541692453525.2658966.png 1 0 0 180 120
p/59_5051692453524.915329.png 1 0 0 180 120
p/58_5321692453524.2584815.png 1 0 0 180 120
p/57_5421692453510.5937428.png 1 0 0 180 120
p/56_6721692453509.9371219.png 1 0 0 180 120
p/55_5521692453509.617371.png 1 0 0 180 120
p/54_5601692453509.2651982.png 1 0 0 180 120
p/53_5051692453507.6179569.png 1 0 0 180 120
p/52_5081692453506.9469173.png 1 0 0 180 120
p/51_5211692453506.2559297.png 1 0 0 180 120
p/50_6111692453505.2649825.png 1 0 0 180 120
p/49_5861692453503.616826.png 1 0 0 180 120
p/48_5991692453503.2666118.png 1 0 0 180 120
p/47_6241692453502.9461172.png 1 0 0 180 120
p/46_6311692453502.5956535.png 1 0 0 180 120
p/45_6151692453501.2644227.png 1 0 0 180 120
p/44_5161692453500.2580376.png 1 0 0 180 120
p/43_5181692453486.2405384.png 1 0 0 180 120
p/42_5451692453482.9228928.png 1 0 0 180 120
p/41_5551692453482.595147.png 1 0 0 180 120
p/40_5081692453482.2425523.png 1 0 0 180 120
p/39_5481692453481.9056392.png 1 0 0 180 120
p/38_5661692453481.586172.png 1 0 0 180 120
p/37_5531692453480.9281356.png 1 0 0 180 120
p/36_5071692453480.5948572.png 1 0 0 180 120
p/35_5471692453478.9208245.png 1 0 0 180 120
p/34_5261692453478.593587.png 1 0 0 180 120
p/33_5111692453478.2431068.png 1 0 0 180 120
p/32_5001692453477.906634.png 1 0 0 180 120
p/30_5221692453457.6013327.png 1 0 0 180 120
p/29_5831692453456.2403002.png 1 0 0 180 120
p/28_5541692453455.9203944.png 1 0 0 180 120
p/27_5711692453455.6021838.png 1 0 0 180 120
p/26_5701692453455.281105.png 1 0 0 180 120
p/25_5791692453454.9120743.png 1 0 0 180 120
p/24_5681692453454.5921361.png 1 0 0 180 120