p/503_731692501893.6030507.png 1 0 0 180 120
p/502_801692501892.9632626.png 1 0 0 180 120
p/501_1151692501892.6121395.png 1 0 0 180 120
p/500_681692501892.275968.png 1 0 0 180 120
p/499_661692501891.937077.png 1 0 0 180 120
p/498_601692501890.9626503.png 1 0 0 180 120
p/497_541692501890.6121361.png 1 0 0 180 120
p/496_601692501890.2753203.png 1 0 0 180 120
p/495_761692501889.9394476.png 1 0 0 180 120
p/494_561692501889.603377.png 1 0 0 180 120
p/493_561692501888.9644613.png 1 0 0 180 120
p/492_611692501888.6114306.png 1 0 0 180 120
p/491_541692501888.2746727.png 1 0 0 180 120
p/490_761692501887.9421816.png 1 0 0 180 120
p/489_781692501887.603343.png 1 0 0 180 120
p/488_1141692501887.2664397.png 1 0 0 180 120
p/487_981692501886.9642553.png 1 0 0 180 120
p/486_901692501886.611352.png 1 0 0 180 120
p/485_1121692501886.2754285.png 1 0 0 180 120
p/484_651692501885.931919.png 1 0 0 180 120
p/483_771692501885.6043217.png 1 0 0 180 120
p/482_631692501885.266849.png 1 0 0 180 120
p/478_631692501883.6033697.png 1 0 0 180 120
p/477_931692501882.9633563.png 1 0 0 180 120
p/476_651692501882.275188.png 1 0 0 180 120
p/475_511692501881.9307919.png 1 0 0 180 120
p/474_681692501881.603748.png 1 0 0 180 120
p/473_811692501881.2679613.png 1 0 0 180 120
p/472_761692501880.963268.png 1 0 0 180 120
p/471_801692501880.6117141.png 1 0 0 180 120
p/470_771692501880.2763565.png 1 0 0 180 120
p/469_911692501879.9355965.png 1 0 0 180 120
p/468_1621692501879.6028874.png 1 0 0 180 120
p/467_1011692501879.268596.png 1 0 0 180 120
p/466_801692501878.9641497.png 1 0 0 180 120
p/465_1431692501878.6106968.png 1 0 0 180 120
p/464_1091692501878.274863.png 1 0 0 180 120
p/463_1051692501877.9416363.png 1 0 0 180 120
p/462_1181692501877.2708895.png 1 0 0 180 120
p/461_511692501876.2751138.png 1 0 0 180 120
p/460_551692501875.6030092.png 1 0 0 180 120
p/459_981692501875.2666826.png 1 0 0 180 120
p/458_721692501874.964193.png 1 0 0 180 120
p/454_631692501870.6112554.png 1 0 0 180 120
p/453_1051692501870.263699.png 1 0 0 180 120
p/449_981692501867.2828104.png 1 0 0 180 120
p/447_3141692501864.6108148.png 1 0 0 180 120
p/446_1261692501864.2625895.png 1 0 0 180 120
p/445_531692501863.9326708.png 1 0 0 180 120
p/444_561692501863.6032655.png 1 0 0 180 120
p/443_661692501863.2829442.png 1 0 0 180 120
p/442_621692501862.9314668.png 1 0 0 180 120
p/441_671692501862.6122868.png 1 0 0 180 120
p/440_541692501862.2614546.png 1 0 0 180 120
p/439_601692501861.6193295.png 1 0 0 180 120
p/438_981692501861.2996953.png 1 0 0 180 120
p/437_511692501860.2595267.png 1 0 0 180 120
p/436_801692501859.9395938.png 1 0 0 180 120
p/435_641692501859.6199524.png 1 0 0 180 120
p/434_1121692501859.2990224.png 1 0 0 180 120
p/433_771692501858.9332118.png 1 0 0 180 120
p/432_731692501858.6123407.png 1 0 0 180 120
p/431_751692501858.2637148.png 1 0 0 180 120
p/430_831692501857.9392004.png 1 0 0 180 120
p/429_681692501857.6205487.png 1 0 0 180 120
p/428_911692501856.9318993.png 1 0 0 180 120
p/427_541692501856.6117294.png 1 0 0 180 120
p/426_1051692501856.2596047.png 1 0 0 180 120
p/425_621692501855.9394605.png 1 0 0 180 120
p/424_681692501855.6204484.png 1 0 0 180 120
p/423_841692501855.299697.png 1 0 0 180 120
p/422_1231692501854.9312768.png 1 0 0 180 120
p/421_1251692501854.6126006.png 1 0 0 180 120
p/420_901692501854.2595243.png 1 0 0 180 120
p/417_901692501853.2998445.png 1 0 0 180 120
p/416_581692501852.9312868.png 1 0 0 180 120
p/415_1531692501852.610991.png 1 0 0 180 120
p/414_1581692501852.2590044.png 1 0 0 180 120
p/410_501692501849.9389682.png 1 0 0 180 120
p/409_541692501849.620805.png 1 0 0 180 120
p/408_601692501849.2994745.png 1 0 0 180 120
p/407_911692501848.9320116.png 1 0 0 180 120
p/406_791692501848.6104133.png 1 0 0 180 120
p/405_871692501848.2598872.png 1 0 0 180 120
p/404_631692501847.9386787.png 1 0 0 180 120
p/403_871692501847.620093.png 1 0 0 180 120
p/402_501692501847.2992034.png 1 0 0 180 120
p/401_691692501846.612405.png 1 0 0 180 120
p/400_741692501846.2594485.png 1 0 0 180 120
p/399_581692501845.62032.png 1 0 0 180 120
p/398_531692501845.2991126.png 1 0 0 180 120
p/397_831692501844.9323006.png 1 0 0 180 120
p/396_741692501844.2602432.png 1 0 0 180 120
p/395_691692501843.9390204.png 1 0 0 180 120
p/394_551692501843.620067.png 1 0 0 180 120
p/393_551692501843.2993028.png 1 0 0 180 120
p/390_1881692501840.9322746.png 1 0 0 180 120
p/389_1701692501840.6111827.png 1 0 0 180 120
p/388_1201692501840.2603807.png 1 0 0 180 120
p/387_951692501839.9389143.png 1 0 0 180 120
p/386_651692501839.618678.png 1 0 0 180 120
p/385_911692501839.2990305.png 1 0 0 180 120
p/384_941692501838.9307482.png 1 0 0 180 120
p/383_901692501838.613622.png 1 0 0 180 120
p/382_1111692501837.9409266.png 1 0 0 180 120
p/378_941692501835.9395525.png 1 0 0 180 120
p/377_861692501835.6194649.png 1 0 0 180 120
p/376_681692501835.2994673.png 1 0 0 180 120
p/375_951692501834.939806.png 1 0 0 180 120
p/374_861692501834.6115775.png 1 0 0 180 120
p/373_961692501834.291319.png 1 0 0 180 120
p/372_971692501833.9386172.png 1 0 0 180 120
p/371_961692501833.6197858.png 1 0 0 180 120
p/370_691692501833.2994392.png 1 0 0 180 120
p/369_941692501832.9417353.png 1 0 0 180 120
p/368_1471692501832.6114748.png 1 0 0 180 120
p/367_1371692501832.2907393.png 1 0 0 180 120
p/366_931692501831.9387848.png 1 0 0 180 120
p/365_1031692501831.61933.png 1 0 0 180 120
p/364_661692501831.299375.png 1 0 0 180 120
p/363_661692501830.9420784.png 1 0 0 180 120
p/362_701692501830.612154.png 1 0 0 180 120
p/361_1151692501830.2917843.png 1 0 0 180 120
p/360_571692501829.9392169.png 1 0 0 180 120
p/359_1091692501829.6198041.png 1 0 0 180 120
p/358_581692501828.2921674.png 1 0 0 180 120
p/357_541692501827.9396627.png 1 0 0 180 120
p/356_551692501827.2994707.png 1 0 0 180 120
p/355_841692501826.9474702.png 1 0 0 180 120
p/354_561692501826.610733.png 1 0 0 180 120
p/353_681692501825.9400795.png 1 0 0 180 120
p/352_781692501825.6186154.png 1 0 0 180 120
p/351_631692501825.2804053.png 1 0 0 180 120
p/350_911692501824.9477773.png 1 0 0 180 120
p/349_971692501824.6121042.png 1 0 0 180 120
p/348_841692501824.2599285.png 1 0 0 180 120
p/347_771692501823.9395337.png 1 0 0 180 120
p/346_661692501823.2755363.png 1 0 0 180 120
p/345_881692501822.9483173.png 1 0 0 180 120
p/342_631692501820.6111689.png 1 0 0 180 120
p/341_631692501820.259662.png 1 0 0 180 120
p/340_621692501819.9401486.png 1 0 0 180 120
p/339_621692501819.6202857.png 1 0 0 180 120
p/338_621692501819.2718375.png 1 0 0 180 120
p/337_621692501818.946647.png 1 0 0 180 120
p/336_621692501818.597628.png 1 0 0 180 120
p/335_621692501818.2590184.png 1 0 0 180 120
p/334_621692501817.9397724.png 1 0 0 180 120
p/333_621692501817.6200006.png 1 0 0 180 120
p/332_621692501817.2868686.png 1 0 0 180 120
p/331_621692501816.9469528.png 1 0 0 180 120
p/330_621692501816.5954514.png 1 0 0 180 120
p/329_611692501816.2592165.png 1 0 0 180 120
p/328_591692501815.9401464.png 1 0 0 180 120
p/327_571692501815.6197133.png 1 0 0 180 120
p/326_521692501815.279112.png 1 0 0 180 120
p/325_561692501814.9480307.png 1 0 0 180 120
p/324_541692501814.5956752.png 1 0 0 180 120
p/322_1011692501811.9392745.png 1 0 0 180 120
p/321_571692501810.9476144.png 1 0 0 180 120
p/320_821692501810.5955877.png 1 0 0 180 120
p/319_581692501810.2605734.png 1 0 0 180 120
p/318_921692501809.939662.png 1 0 0 180 120
p/317_621692501809.6196475.png 1 0 0 180 120
p/316_591692501808.9468956.png 1 0 0 180 120
p/315_611692501808.595684.png 1 0 0 180 120
p/314_761692501808.2590108.png 1 0 0 180 120
p/313_641692501807.939132.png 1 0 0 180 120
p/312_691692501807.5956304.png 1 0 0 180 120
p/311_561692501807.285007.png 1 0 0 180 120
p/310_601692501806.598354.png 1 0 0 180 120
p/309_531692501806.2595456.png 1 0 0 180 120
p/308_641692501805.940608.png 1 0 0 180 120
p/307_591692501805.619932.png 1 0 0 180 120
p/306_861692501805.2872608.png 1 0 0 180 120
p/305_1041692501804.947945.png 1 0 0 180 120
p/304_641692501804.5950994.png 1 0 0 180 120
p/303_781692501804.2591279.png 1 0 0 180 120
p/302_621692501803.6055648.png 1 0 0 180 120
p/301_641692501803.2763312.png 1 0 0 180 120
p/300_881692501802.9484367.png 1 0 0 180 120
p/299_1051692501802.5951335.png 1 0 0 180 120
p/298_641692501802.2594824.png 1 0 0 180 120
p/297_691692501801.2734132.png 1 0 0 180 120
p/296_631692501800.6272197.png 1 0 0 180 120
p/295_591692501800.259933.png 1 0 0 180 120
p/294_551692501799.9400804.png 1 0 0 180 120
p/293_621692501799.279052.png 1 0 0 180 120
p/292_661692501798.2605798.png 1 0 0 180 120
p/288_1051692501796.2643.png 1 0 0 180 120
p/287_641692501794.9485047.png 1 0 0 180 120
p/286_661692501794.6285026.png 1 0 0 180 120
p/285_591692501794.2605042.png 1 0 0 180 120
p/284_521692501793.939563.png 1 0 0 180 120
p/283_591692501792.948366.png 1 0 0 180 120
p/282_511692501792.6273174.png 1 0 0 180 120
p/281_511692501792.2607617.png 1 0 0 180 120
p/280_511692501791.9393232.png 1 0 0 180 120
p/279_701692501788.6135197.png 1 0 0 180 120
p/278_651692501788.2765746.png 1 0 0 180 120
p/277_511692501787.9393818.png 1 0 0 180 120
p/276_781692501787.6369004.png 1 0 0 180 120
p/275_841692501787.2671316.png 1 0 0 180 120
p/274_1131692501786.9471903.png 1 0 0 180 120
p/273_1041692501786.601317.png 1 0 0 180 120
p/272_971692501786.2745852.png 1 0 0 180 120
p/271_801692501785.5889559.png 1 0 0 180 120
p/270_591692501784.276158.png 1 0 0 180 120
p/269_501692501783.635068.png 1 0 0 180 120
p/268_761692501782.2749805.png 1 0 0 180 120
p/267_791692501781.9243507.png 1 0 0 180 120
p/266_591692501781.587496.png 1 0 0 180 120
p/265_521692501781.267211.png 1 0 0 180 120
p/264_761692501779.267168.png 1 0 0 180 120
p/263_801692501778.9475954.png 1 0 0 180 120
p/262_691692501778.6137984.png 1 0 0 180 120
p/261_621692501778.278422.png 1 0 0 180 120
p/260_511692501777.9247973.png 1 0 0 180 120
p/259_561692501777.6369681.png 1 0 0 180 120
p/258_501692501777.269877.png 1 0 0 180 120
p/257_671692501776.9486084.png 1 0 0 180 120
p/256_751692501776.6125705.png 1 0 0 180 120
p/255_891692501776.2753713.png 1 0 0 180 120
p/254_671692501775.5870323.png 1 0 0 180 120
p/253_871692501775.2680578.png 1 0 0 180 120
p/252_751692501774.616322.png 1 0 0 180 120
p/251_711692501774.2750263.png 1 0 0 180 120
p/250_1041692501773.9267755.png 1 0 0 180 120
p/249_771692501773.5869977.png 1 0 0 180 120
p/248_581692501773.2680678.png 1 0 0 180 120
p/247_641692501772.9490285.png 1 0 0 180 120
p/246_571692501772.6148572.png 1 0 0 180 120
p/245_751692501772.27501.png 1 0 0 180 120
p/244_761692501771.924581.png 1 0 0 180 120
p/243_591692501771.5871744.png 1 0 0 180 120
p/242_551692501771.2669938.png 1 0 0 180 120
p/241_1001692501770.9477782.png 1 0 0 180 120
p/240_661692501770.2768776.png 1 0 0 180 120
p/239_841692501769.267367.png 1 0 0 180 120
p/238_941692501768.9488525.png 1 0 0 180 120
p/237_701692501768.6086414.png 1 0 0 180 120
p/236_591692501767.9236379.png 1 0 0 180 120
p/235_781692501767.636062.png 1 0 0 180 120
p/234_931692501767.2673512.png 1 0 0 180 120
p/233_891692501766.9476135.png 1 0 0 180 120
p/232_591692501766.613024.png 1 0 0 180 120
p/231_751692501766.2757192.png 1 0 0 180 120
p/230_861692501765.9279246.png 1 0 0 180 120
p/229_1101692501765.636877.png 1 0 0 180 120
p/228_1121692501765.2673635.png 1 0 0 180 120
p/227_1101692501764.9487653.png 1 0 0 180 120
p/226_1091692501764.612179.png 1 0 0 180 120
p/225_1161692501764.2764947.png 1 0 0 180 120
p/224_1201692501763.9255269.png 1 0 0 180 120
p/223_1181692501763.6368134.png 1 0 0 180 120
p/222_1191692501763.2675493.png 1 0 0 180 120
p/221_1011692501762.947608.png 1 0 0 180 120
p/216_671692501761.2677763.png 1 0 0 180 120
p/215_651692501760.9469893.png 1 0 0 180 120
p/214_671692501760.6022394.png 1 0 0 180 120
p/213_691692501760.2759037.png 1 0 0 180 120
p/212_701692501759.923517.png 1 0 0 180 120
p/211_741692501759.5880058.png 1 0 0 180 120
p/210_681692501759.268477.png 1 0 0 180 120
p/205_1411692501757.588319.png 1 0 0 180 120
p/204_1381692501757.2678952.png 1 0 0 180 120
p/203_1481692501756.9486651.png 1 0 0 180 120
p/202_1471692501756.6016.png 1 0 0 180 120
p/201_1401692501756.2758422.png 1 0 0 180 120
p/200_551692501755.9232838.png 1 0 0 180 120
p/199_581692501755.5883708.png 1 0 0 180 120
p/198_611692501755.2673452.png 1 0 0 180 120
p/197_851692501754.947395.png 1 0 0 180 120
p/196_611692501754.5970614.png 1 0 0 180 120
p/195_631692501753.9252987.png 1 0 0 180 120
p/194_951692501753.283129.png 1 0 0 180 120
p/193_551692501752.964482.png 1 0 0 180 120
p/192_881692501752.2760136.png 1 0 0 180 120
p/191_931692501751.9247246.png 1 0 0 180 120
p/190_731692501751.603261.png 1 0 0 180 120
p/189_1121692501751.2834456.png 1 0 0 180 120
p/188_1171692501750.9645386.png 1 0 0 180 120
p/187_1031692501750.596709.png 1 0 0 180 120
p/186_851692501750.2760296.png 1 0 0 180 120
p/185_741692501749.924698.png 1 0 0 180 120
p/184_1051692501749.6059635.png 1 0 0 180 120
p/183_881692501749.2835386.png 1 0 0 180 120
p/182_1351692501748.9645793.png 1 0 0 180 120
p/181_871692501748.5990362.png 1 0 0 180 120
p/180_1321692501748.2760928.png 1 0 0 180 120
p/179_711692501747.603131.png 1 0 0 180 120
p/178_1541692501747.284347.png 1 0 0 180 120
p/177_1251692501746.9642847.png 1 0 0 180 120
p/176_1451692501746.5949712.png 1 0 0 180 120
p/175_1381692501746.276264.png 1 0 0 180 120
p/174_1281692501745.9234333.png 1 0 0 180 120
p/173_1071692501745.604417.png 1 0 0 180 120
p/172_1301692501745.28301.png 1 0 0 180 120
p/171_831692501744.9641268.png 1 0 0 180 120
p/170_1111692501744.59691.png 1 0 0 180 120
p/169_1371692501744.2751343.png 1 0 0 180 120
p/168_961692501743.9236193.png 1 0 0 180 120
p/167_911692501743.604382.png 1 0 0 180 120
p/166_1351692501743.283893.png 1 0 0 180 120
p/165_1321692501742.9639208.png 1 0 0 180 120
p/164_1421692501742.5980492.png 1 0 0 180 120
p/163_1251692501742.2782128.png 1 0 0 180 120
p/162_1041692501741.9245446.png 1 0 0 180 120
p/159_1151692501740.9630346.png 1 0 0 180 120
p/158_1271692501740.5992894.png 1 0 0 180 120
p/157_1321692501740.2780716.png 1 0 0 180 120
p/156_1371692501739.9242904.png 1 0 0 180 120
p/155_1371692501739.604938.png 1 0 0 180 120
p/154_1371692501739.2847743.png 1 0 0 180 120
p/153_1371692501738.9643843.png 1 0 0 180 120
p/152_1371692501738.5950127.png 1 0 0 180 120
p/151_1361692501738.2760398.png 1 0 0 180 120
p/150_1331692501737.9242575.png 1 0 0 180 120
p/149_1321692501737.6030474.png 1 0 0 180 120
p/148_1301692501737.2837062.png 1 0 0 180 120
p/147_1311692501736.9633722.png 1 0 0 180 120
p/146_1271692501736.5959816.png 1 0 0 180 120
p/145_1281692501736.2765493.png 1 0 0 180 120
p/144_1261692501735.9233978.png 1 0 0 180 120
p/143_1231692501735.6036344.png 1 0 0 180 120
p/142_1241692501735.2837162.png 1 0 0 180 120
p/141_1251692501734.9639184.png 1 0 0 180 120
p/140_1151692501734.5947897.png 1 0 0 180 120
p/139_1051692501734.278141.png 1 0 0 180 120
p/138_1081692501733.9246387.png 1 0 0 180 120
p/137_1121692501733.603054.png 1 0 0 180 120
p/136_1031692501733.2844548.png 1 0 0 180 120
p/135_1111692501732.9640455.png 1 0 0 180 120
p/134_941692501732.595599.png 1 0 0 180 120
p/133_1091692501732.2763903.png 1 0 0 180 120
p/132_1211692501731.923099.png 1 0 0 180 120
p/131_611692501731.6035366.png 1 0 0 180 120
p/130_721692501731.2846189.png 1 0 0 180 120
p/129_1361692501730.963854.png 1 0 0 180 120
p/128_1391692501730.5990767.png 1 0 0 180 120
p/127_1421692501730.27583.png 1 0 0 180 120
p/126_1401692501729.924037.png 1 0 0 180 120
p/125_1391692501729.6029718.png 1 0 0 180 120
p/124_1441692501729.2832682.png 1 0 0 180 120
p/123_1471692501728.9636178.png 1 0 0 180 120
p/122_1461692501728.5972743.png 1 0 0 180 120
p/121_1231692501728.275801.png 1 0 0 180 120
p/117_681692501726.9636333.png 1 0 0 180 120
p/116_691692501726.5960202.png 1 0 0 180 120
p/115_701692501726.2767122.png 1 0 0 180 120
p/114_691692501725.9370658.png 1 0 0 180 120
p/113_691692501725.6044667.png 1 0 0 180 120
p/112_691692501725.2860854.png 1 0 0 180 120
p/111_681692501724.963485.png 1 0 0 180 120
p/110_691692501724.594797.png 1 0 0 180 120
p/109_711692501724.2759125.png 1 0 0 180 120
p/108_701692501723.9348776.png 1 0 0 180 120
p/103_1131692501722.276946.png 1 0 0 180 120
p/102_1171692501721.9372988.png 1 0 0 180 120
p/101_1191692501721.6030219.png 1 0 0 180 120
p/100_1181692501721.2840393.png 1 0 0 180 120
p/99_1191692501720.964843.png 1 0 0 180 120
p/98_1161692501720.5963027.png 1 0 0 180 120
p/97_1171692501720.276433.png 1 0 0 180 120
p/96_1151692501719.9337008.png 1 0 0 180 120
p/95_931692501719.6042473.png 1 0 0 180 120
p/92_1621692501718.5967555.png 1 0 0 180 120
p/91_2041692501718.2925568.png 1 0 0 180 120
p/90_2091692501717.9253805.png 1 0 0 180 120
p/89_2101692501717.6047914.png 1 0 0 180 120
p/88_2081692501717.2832797.png 1 0 0 180 120
p/87_2091692501716.9444125.png 1 0 0 180 120
p/86_2041692501716.6125097.png 1 0 0 180 120
p/85_2011692501716.2929416.png 1 0 0 180 120
p/84_1461692501715.9261642.png 1 0 0 180 120
p/80_1061692501714.6121268.png 1 0 0 180 120
p/79_1111692501714.2923265.png 1 0 0 180 120
p/78_1071692501713.9256802.png 1 0 0 180 120
p/77_1111692501713.6052759.png 1 0 0 180 120
p/76_1131692501713.283972.png 1 0 0 180 120
p/75_1151692501712.942284.png 1 0 0 180 120
p/74_1101692501712.6119637.png 1 0 0 180 120
p/69_1061692501710.944447.png 1 0 0 180 120
p/68_1101692501710.6114037.png 1 0 0 180 120
p/67_1101692501710.2920127.png 1 0 0 180 120
p/66_1111692501709.9235654.png 1 0 0 180 120
p/65_1111692501709.603559.png 1 0 0 180 120
p/64_1111692501709.2843137.png 1 0 0 180 120
p/63_1091692501708.9429595.png 1 0 0 180 120
p/62_981692501708.612865.png 1 0 0 180 120
p/58_1261692501707.283374.png 1 0 0 180 120
p/57_1791692501706.94598.png 1 0 0 180 120
p/56_1821692501706.6112.png 1 0 0 180 120
p/55_1711692501706.2913465.png 1 0 0 180 120
p/54_1581692501705.9248443.png 1 0 0 180 120
p/53_1751692501705.604593.png 1 0 0 180 120
p/52_1701692501705.2831862.png 1 0 0 180 120
p/51_1471692501704.9466429.png 1 0 0 180 120
p/50_1441692501704.6115327.png 1 0 0 180 120
p/49_1631692501704.2926953.png 1 0 0 180 120
p/48_1451692501703.9246292.png 1 0 0 180 120
p/47_571692501703.2846658.png 1 0 0 180 120
p/46_951692501702.9385233.png 1 0 0 180 120
p/45_1161692501702.6133635.png 1 0 0 180 120
p/44_1151692501702.2925665.png 1 0 0 180 120
p/43_1141692501701.9248786.png 1 0 0 180 120
p/42_1131692501701.6039946.png 1 0 0 180 120
p/41_1071692501701.2838771.png 1 0 0 180 120
p/40_1071692501700.9424074.png 1 0 0 180 120
p/39_871692501700.611329.png 1 0 0 180 120
p/38_1221692501700.2917097.png 1 0 0 180 120
p/37_1121692501699.9234746.png 1 0 0 180 120
p/36_1241692501699.6029627.png 1 0 0 180 120
p/35_1241692501699.2829082.png 1 0 0 180 120
p/34_1231692501698.9525347.png 1 0 0 180 120
p/33_1131692501698.6131446.png 1 0 0 180 120
p/32_1201692501698.2922378.png 1 0 0 180 120
p/31_1211692501697.923839.png 1 0 0 180 120
p/30_661692501697.605268.png 1 0 0 180 120
p/29_621692501697.2831287.png 1 0 0 180 120
p/28_1641692501696.9497771.png 1 0 0 180 120
p/27_1531692501696.6126928.png 1 0 0 180 120
p/26_1621692501696.2917657.png 1 0 0 180 120
p/25_1601692501695.924429.png 1 0 0 180 120
p/24_1541692501695.603551.png 1 0 0 180 120
p/23_1521692501695.2835612.png 1 0 0 180 120
p/22_1641692501694.9383752.png 1 0 0 180 120
p/21_1641692501694.6113968.png 1 0 0 180 120
p/20_1631692501694.2915552.png 1 0 0 180 120
p/19_1641692501693.927874.png 1 0 0 180 120
p/18_1621692501693.6032932.png 1 0 0 180 120
p/17_1631692501693.2848814.png 1 0 0 180 120
p/16_1621692501692.941048.png 1 0 0 180 120
p/15_1611692501692.6129918.png 1 0 0 180 120
p/14_1601692501692.2933383.png 1 0 0 180 120
p/13_1601692501691.927247.png 1 0 0 180 120
p/12_1581692501691.6038263.png 1 0 0 180 120