p/240_661692501770.2768776.png 1 0 0 180 120
p/239_841692501769.267367.png 1 0 0 180 120
p/238_941692501768.9488525.png 1 0 0 180 120
p/237_701692501768.6086414.png 1 0 0 180 120
p/236_591692501767.9236379.png 1 0 0 180 120
p/235_781692501767.636062.png 1 0 0 180 120
p/234_931692501767.2673512.png 1 0 0 180 120
p/233_891692501766.9476135.png 1 0 0 180 120
p/232_591692501766.613024.png 1 0 0 180 120
p/231_751692501766.2757192.png 1 0 0 180 120
p/230_861692501765.9279246.png 1 0 0 180 120
p/229_1101692501765.636877.png 1 0 0 180 120
p/228_1121692501765.2673635.png 1 0 0 180 120
p/227_1101692501764.9487653.png 1 0 0 180 120
p/226_1091692501764.612179.png 1 0 0 180 120
p/225_1161692501764.2764947.png 1 0 0 180 120
p/224_1201692501763.9255269.png 1 0 0 180 120
p/223_1181692501763.6368134.png 1 0 0 180 120
p/222_1191692501763.2675493.png 1 0 0 180 120
p/221_1011692501762.947608.png 1 0 0 180 120
p/216_671692501761.2677763.png 1 0 0 180 120
p/215_651692501760.9469893.png 1 0 0 180 120
p/214_671692501760.6022394.png 1 0 0 180 120
p/213_691692501760.2759037.png 1 0 0 180 120
p/212_701692501759.923517.png 1 0 0 180 120
p/211_741692501759.5880058.png 1 0 0 180 120
p/210_681692501759.268477.png 1 0 0 180 120
p/205_1411692501757.588319.png 1 0 0 180 120
p/204_1381692501757.2678952.png 1 0 0 180 120
p/203_1481692501756.9486651.png 1 0 0 180 120
p/202_1471692501756.6016.png 1 0 0 180 120
p/201_1401692501756.2758422.png 1 0 0 180 120
p/200_551692501755.9232838.png 1 0 0 180 120
p/199_581692501755.5883708.png 1 0 0 180 120
p/198_611692501755.2673452.png 1 0 0 180 120
p/197_851692501754.947395.png 1 0 0 180 120
p/196_611692501754.5970614.png 1 0 0 180 120
p/195_631692501753.9252987.png 1 0 0 180 120
p/194_951692501753.283129.png 1 0 0 180 120
p/193_551692501752.964482.png 1 0 0 180 120
p/192_881692501752.2760136.png 1 0 0 180 120
p/191_931692501751.9247246.png 1 0 0 180 120
p/190_731692501751.603261.png 1 0 0 180 120
p/189_1121692501751.2834456.png 1 0 0 180 120
p/188_1171692501750.9645386.png 1 0 0 180 120
p/187_1031692501750.596709.png 1 0 0 180 120
p/186_851692501750.2760296.png 1 0 0 180 120
p/185_741692501749.924698.png 1 0 0 180 120
p/184_1051692501749.6059635.png 1 0 0 180 120
p/183_881692501749.2835386.png 1 0 0 180 120
p/182_1351692501748.9645793.png 1 0 0 180 120
p/181_871692501748.5990362.png 1 0 0 180 120
p/180_1321692501748.2760928.png 1 0 0 180 120
p/179_711692501747.603131.png 1 0 0 180 120
p/178_1541692501747.284347.png 1 0 0 180 120
p/177_1251692501746.9642847.png 1 0 0 180 120
p/176_1451692501746.5949712.png 1 0 0 180 120
p/175_1381692501746.276264.png 1 0 0 180 120
p/174_1281692501745.9234333.png 1 0 0 180 120
p/173_1071692501745.604417.png 1 0 0 180 120
p/172_1301692501745.28301.png 1 0 0 180 120
p/171_831692501744.9641268.png 1 0 0 180 120
p/170_1111692501744.59691.png 1 0 0 180 120
p/169_1371692501744.2751343.png 1 0 0 180 120
p/168_961692501743.9236193.png 1 0 0 180 120
p/167_911692501743.604382.png 1 0 0 180 120
p/166_1351692501743.283893.png 1 0 0 180 120
p/165_1321692501742.9639208.png 1 0 0 180 120
p/164_1421692501742.5980492.png 1 0 0 180 120
p/163_1251692501742.2782128.png 1 0 0 180 120
p/162_1041692501741.9245446.png 1 0 0 180 120
p/159_1151692501740.9630346.png 1 0 0 180 120
p/158_1271692501740.5992894.png 1 0 0 180 120
p/157_1321692501740.2780716.png 1 0 0 180 120
p/156_1371692501739.9242904.png 1 0 0 180 120
p/155_1371692501739.604938.png 1 0 0 180 120
p/154_1371692501739.2847743.png 1 0 0 180 120
p/153_1371692501738.9643843.png 1 0 0 180 120
p/152_1371692501738.5950127.png 1 0 0 180 120
p/151_1361692501738.2760398.png 1 0 0 180 120
p/150_1331692501737.9242575.png 1 0 0 180 120
p/149_1321692501737.6030474.png 1 0 0 180 120
p/148_1301692501737.2837062.png 1 0 0 180 120
p/147_1311692501736.9633722.png 1 0 0 180 120
p/146_1271692501736.5959816.png 1 0 0 180 120
p/145_1281692501736.2765493.png 1 0 0 180 120
p/144_1261692501735.9233978.png 1 0 0 180 120
p/143_1231692501735.6036344.png 1 0 0 180 120
p/142_1241692501735.2837162.png 1 0 0 180 120
p/141_1251692501734.9639184.png 1 0 0 180 120
p/140_1151692501734.5947897.png 1 0 0 180 120
p/139_1051692501734.278141.png 1 0 0 180 120
p/138_1081692501733.9246387.png 1 0 0 180 120
p/137_1121692501733.603054.png 1 0 0 180 120
p/136_1031692501733.2844548.png 1 0 0 180 120
p/135_1111692501732.9640455.png 1 0 0 180 120
p/134_941692501732.595599.png 1 0 0 180 120
p/133_1091692501732.2763903.png 1 0 0 180 120
p/132_1211692501731.923099.png 1 0 0 180 120
p/131_611692501731.6035366.png 1 0 0 180 120
p/130_721692501731.2846189.png 1 0 0 180 120
p/129_1361692501730.963854.png 1 0 0 180 120
p/128_1391692501730.5990767.png 1 0 0 180 120
p/127_1421692501730.27583.png 1 0 0 180 120
p/126_1401692501729.924037.png 1 0 0 180 120
p/125_1391692501729.6029718.png 1 0 0 180 120
p/124_1441692501729.2832682.png 1 0 0 180 120
p/123_1471692501728.9636178.png 1 0 0 180 120
p/122_1461692501728.5972743.png 1 0 0 180 120
p/121_1231692501728.275801.png 1 0 0 180 120
p/117_681692501726.9636333.png 1 0 0 180 120
p/116_691692501726.5960202.png 1 0 0 180 120
p/115_701692501726.2767122.png 1 0 0 180 120
p/114_691692501725.9370658.png 1 0 0 180 120
p/113_691692501725.6044667.png 1 0 0 180 120
p/112_691692501725.2860854.png 1 0 0 180 120
p/111_681692501724.963485.png 1 0 0 180 120
p/110_691692501724.594797.png 1 0 0 180 120
p/109_711692501724.2759125.png 1 0 0 180 120
p/108_701692501723.9348776.png 1 0 0 180 120
p/103_1131692501722.276946.png 1 0 0 180 120
p/102_1171692501721.9372988.png 1 0 0 180 120
p/101_1191692501721.6030219.png 1 0 0 180 120
p/100_1181692501721.2840393.png 1 0 0 180 120
p/99_1191692501720.964843.png 1 0 0 180 120
p/98_1161692501720.5963027.png 1 0 0 180 120
p/97_1171692501720.276433.png 1 0 0 180 120
p/96_1151692501719.9337008.png 1 0 0 180 120
p/95_931692501719.6042473.png 1 0 0 180 120
p/92_1621692501718.5967555.png 1 0 0 180 120
p/91_2041692501718.2925568.png 1 0 0 180 120
p/90_2091692501717.9253805.png 1 0 0 180 120
p/89_2101692501717.6047914.png 1 0 0 180 120
p/88_2081692501717.2832797.png 1 0 0 180 120
p/87_2091692501716.9444125.png 1 0 0 180 120
p/86_2041692501716.6125097.png 1 0 0 180 120
p/85_2011692501716.2929416.png 1 0 0 180 120
p/84_1461692501715.9261642.png 1 0 0 180 120
p/80_1061692501714.6121268.png 1 0 0 180 120
p/79_1111692501714.2923265.png 1 0 0 180 120
p/78_1071692501713.9256802.png 1 0 0 180 120
p/77_1111692501713.6052759.png 1 0 0 180 120
p/76_1131692501713.283972.png 1 0 0 180 120
p/75_1151692501712.942284.png 1 0 0 180 120
p/74_1101692501712.6119637.png 1 0 0 180 120
p/69_1061692501710.944447.png 1 0 0 180 120
p/68_1101692501710.6114037.png 1 0 0 180 120
p/67_1101692501710.2920127.png 1 0 0 180 120
p/66_1111692501709.9235654.png 1 0 0 180 120
p/65_1111692501709.603559.png 1 0 0 180 120
p/64_1111692501709.2843137.png 1 0 0 180 120
p/63_1091692501708.9429595.png 1 0 0 180 120
p/62_981692501708.612865.png 1 0 0 180 120
p/58_1261692501707.283374.png 1 0 0 180 120
p/57_1791692501706.94598.png 1 0 0 180 120
p/56_1821692501706.6112.png 1 0 0 180 120
p/55_1711692501706.2913465.png 1 0 0 180 120
p/54_1581692501705.9248443.png 1 0 0 180 120
p/53_1751692501705.604593.png 1 0 0 180 120
p/52_1701692501705.2831862.png 1 0 0 180 120
p/51_1471692501704.9466429.png 1 0 0 180 120
p/50_1441692501704.6115327.png 1 0 0 180 120
p/49_1631692501704.2926953.png 1 0 0 180 120
p/48_1451692501703.9246292.png 1 0 0 180 120
p/47_571692501703.2846658.png 1 0 0 180 120
p/46_951692501702.9385233.png 1 0 0 180 120
p/45_1161692501702.6133635.png 1 0 0 180 120
p/44_1151692501702.2925665.png 1 0 0 180 120
p/43_1141692501701.9248786.png 1 0 0 180 120
p/42_1131692501701.6039946.png 1 0 0 180 120
p/41_1071692501701.2838771.png 1 0 0 180 120
p/40_1071692501700.9424074.png 1 0 0 180 120
p/39_871692501700.611329.png 1 0 0 180 120
p/38_1221692501700.2917097.png 1 0 0 180 120
p/37_1121692501699.9234746.png 1 0 0 180 120
p/36_1241692501699.6029627.png 1 0 0 180 120
p/35_1241692501699.2829082.png 1 0 0 180 120
p/34_1231692501698.9525347.png 1 0 0 180 120
p/33_1131692501698.6131446.png 1 0 0 180 120
p/32_1201692501698.2922378.png 1 0 0 180 120
p/31_1211692501697.923839.png 1 0 0 180 120
p/30_661692501697.605268.png 1 0 0 180 120
p/29_621692501697.2831287.png 1 0 0 180 120
p/28_1641692501696.9497771.png 1 0 0 180 120
p/27_1531692501696.6126928.png 1 0 0 180 120
p/26_1621692501696.2917657.png 1 0 0 180 120
p/25_1601692501695.924429.png 1 0 0 180 120
p/24_1541692501695.603551.png 1 0 0 180 120
p/23_1521692501695.2835612.png 1 0 0 180 120
p/22_1641692501694.9383752.png 1 0 0 180 120
p/21_1641692501694.6113968.png 1 0 0 180 120
p/20_1631692501694.2915552.png 1 0 0 180 120
p/19_1641692501693.927874.png 1 0 0 180 120
p/18_1621692501693.6032932.png 1 0 0 180 120
p/17_1631692501693.2848814.png 1 0 0 180 120
p/16_1621692501692.941048.png 1 0 0 180 120
p/15_1611692501692.6129918.png 1 0 0 180 120
p/14_1601692501692.2933383.png 1 0 0 180 120
p/13_1601692501691.927247.png 1 0 0 180 120
p/12_1581692501691.6038263.png 1 0 0 180 120